current directory: /home/redmine/data/tmp/bundle/ruby/2.4.0/gems/ox-2.13.2/ext/ox
/usr/bin/ruby2.4 -r ./siteconf20200623-1135-7ndyb2.rb extconf.rb
>>>>> Creating Makefile for ruby version 2.4.9 on x86_64-linux-gnu <<<<<
creating Makefile
make: Warning: File 'Makefile' has modification time 27882 s in the future
make: warning:  Clock skew detected.  Your build may be incomplete.

current directory: /home/redmine/data/tmp/bundle/ruby/2.4.0/gems/ox-2.13.2/ext/ox
make "DESTDIR=" clean
make: Warning: File 'Makefile' has modification time 27882 s in the future
make: warning:  Clock skew detected.  Your build may be incomplete.

current directory: /home/redmine/data/tmp/bundle/ruby/2.4.0/gems/ox-2.13.2/ext/ox
make "DESTDIR="
make: Warning: File 'Makefile' has modification time 27882 s in the future
compiling base64.c
compiling builder.c
compiling cache.c
compiling cache8.c
compiling dump.c
compiling err.c
compiling gen_load.c
compiling hash_load.c
hash_load.c: In function ‘mark_value’:
hash_load.c:38:13: warning: operation on ‘pi->marked’ may be undefined [-Wsequence-point]
  pi->marked = REALLOC_N(pi->marked, VALUE, pi->mark_size);
             ^
compiling obj_load.c
compiling ox.c
compiling parse.c
compiling sax.c
compiling sax_as.c
compiling sax_buf.c
compiling sax_hint.c
compiling special.c
linking shared-object ox.so
make: warning:  Clock skew detected.  Your build may be incomplete.

current directory: /home/redmine/data/tmp/bundle/ruby/2.4.0/gems/ox-2.13.2/ext/ox
make "DESTDIR=" install
make: Warning: File 'Makefile' has modification time 27876 s in the future
/usr/bin/install -c -m 0755 ox.so ./.gem.20200623-1135-vfz5vt
make: warning:  Clock skew detected.  Your build may be incomplete.
